<?xml version="1.0" encoding="UTF-8"?>
<testsuite name="com.SebMainTeam13.team13.Team13ApplicationTests" tests="1" skipped="0" failures="0" errors="0" timestamp="2023-03-09T07:32:36" hostname="DESKTOP-UMNQVNU" time="0.126">
  <properties/>
  <testcase name="contextLoads()" classname="com.SebMainTeam13.team13.Team13ApplicationTests" time="0.126"/>
  <system-out><![CDATA[16:32:31.250 [Test worker] DEBUG org.springframework.test.context.BootstrapUtils - Instantiating CacheAwareContextLoaderDelegate from class [org.springframework.test.context.cache.DefaultCacheAwareContextLoaderDelegate]
16:32:31.260 [Test worker] DEBUG org.springframework.test.context.BootstrapUtils - Instantiating BootstrapContext using constructor [public org.springframework.test.context.support.DefaultBootstrapContext(java.lang.Class,org.springframework.test.context.CacheAwareContextLoaderDelegate)]
16:32:31.293 [Test worker] DEBUG org.springframework.test.context.BootstrapUtils - Instantiating TestContextBootstrapper for test class [com.SebMainTeam13.team13.Team13ApplicationTests] from class [org.springframework.boot.test.context.SpringBootTestContextBootstrapper]
16:32:31.304 [Test worker] INFO org.springframework.boot.test.context.SpringBootTestContextBootstrapper - Neither @ContextConfiguration nor @ContextHierarchy found for test class [com.SebMainTeam13.team13.Team13ApplicationTests], using SpringBootContextLoader
16:32:31.308 [Test worker] DEBUG org.springframework.test.context.support.AbstractContextLoader - Did not detect default resource location for test class [com.SebMainTeam13.team13.Team13ApplicationTests]: class path resource [com/SebMainTeam13/team13/Team13ApplicationTests-context.xml] does not exist
16:32:31.309 [Test worker] DEBUG org.springframework.test.context.support.AbstractContextLoader - Did not detect default resource location for test class [com.SebMainTeam13.team13.Team13ApplicationTests]: class path resource [com/SebMainTeam13/team13/Team13ApplicationTestsContext.groovy] does not exist
16:32:31.309 [Test worker] INFO org.springframework.test.context.support.AbstractContextLoader - Could not detect default resource locations for test class [com.SebMainTeam13.team13.Team13ApplicationTests]: no resource found for suffixes {-context.xml, Context.groovy}.
16:32:31.310 [Test worker] INFO org.springframework.test.context.support.AnnotationConfigContextLoaderUtils - Could not detect default configuration classes for test class [com.SebMainTeam13.team13.Team13ApplicationTests]: Team13ApplicationTests does not declare any static, non-private, non-final, nested classes annotated with @Configuration.
16:32:31.355 [Test worker] DEBUG org.springframework.test.context.support.ActiveProfilesUtils - Could not find an 'annotation declaring class' for annotation type [org.springframework.test.context.ActiveProfiles] and class [com.SebMainTeam13.team13.Team13ApplicationTests]
16:32:31.416 [Test worker] DEBUG org.springframework.context.annotation.ClassPathScanningCandidateComponentProvider - Identified candidate component class: file [C:\Users\owner\Desktop\새 폴더 (2)\seb42_main_013\server\build\classes\java\main\com\SebMainTeam13\team13\Team13Application.class]
16:32:31.417 [Test worker] INFO org.springframework.boot.test.context.SpringBootTestContextBootstrapper - Found @SpringBootConfiguration com.SebMainTeam13.team13.Team13Application for test class com.SebMainTeam13.team13.Team13ApplicationTests
16:32:31.527 [Test worker] DEBUG org.springframework.boot.test.context.SpringBootTestContextBootstrapper - @TestExecutionListeners is not present for class [com.SebMainTeam13.team13.Team13ApplicationTests]: using defaults.
16:32:31.527 [Test worker] INFO org.springframework.boot.test.context.SpringBootTestContextBootstrapper - Loaded default TestExecutionListener class names from location [META-INF/spring.factories]: [org.springframework.security.test.context.support.WithSecurityContextTestExecutionListener, org.springframework.security.test.context.support.ReactorContextTestExecutionListener, org.springframework.boot.test.autoconfigure.restdocs.RestDocsTestExecutionListener, org.springframework.boot.test.autoconfigure.web.client.MockRestServiceServerResetTestExecutionListener, org.springframework.boot.test.autoconfigure.web.servlet.MockMvcPrintOnlyOnFailureTestExecutionListener, org.springframework.boot.test.autoconfigure.web.servlet.WebDriverTestExecutionListener, org.springframework.boot.test.autoconfigure.webservices.client.MockWebServiceServerTestExecutionListener, org.springframework.boot.test.mock.mockito.MockitoTestExecutionListener, org.springframework.boot.test.mock.mockito.ResetMocksTestExecutionListener, org.springframework.test.context.web.ServletTestExecutionListener, org.springframework.test.context.support.DirtiesContextBeforeModesTestExecutionListener, org.springframework.test.context.event.ApplicationEventsTestExecutionListener, org.springframework.test.context.support.DependencyInjectionTestExecutionListener, org.springframework.test.context.support.DirtiesContextTestExecutionListener, org.springframework.test.context.transaction.TransactionalTestExecutionListener, org.springframework.test.context.jdbc.SqlScriptsTestExecutionListener, org.springframework.test.context.event.EventPublishingTestExecutionListener]
16:32:31.544 [Test worker] INFO org.springframework.boot.test.context.SpringBootTestContextBootstrapper - Using TestExecutionListeners: [org.springframework.test.context.web.ServletTestExecutionListener@24b52d3e, org.springframework.test.context.support.DirtiesContextBeforeModesTestExecutionListener@15deb1dc, org.springframework.test.context.event.ApplicationEventsTestExecutionListener@6e9c413e, org.springframework.boot.test.mock.mockito.MockitoTestExecutionListener@57a4d5ee, org.springframework.boot.test.autoconfigure.SpringBootDependencyInjectionTestExecutionListener@5af5def9, org.springframework.test.context.support.DirtiesContextTestExecutionListener@3a45c42a, org.springframework.test.context.transaction.TransactionalTestExecutionListener@36dce7ed, org.springframework.test.context.jdbc.SqlScriptsTestExecutionListener@47a64f7d, org.springframework.security.test.context.support.WithSecurityContextTestExecutionListener@33d05366, org.springframework.test.context.event.EventPublishingTestExecutionListener@27a0a5a2, org.springframework.security.test.context.support.ReactorContextTestExecutionListener@7692cd34, org.springframework.boot.test.autoconfigure.restdocs.RestDocsTestExecutionListener@33aa93c, org.springframework.boot.test.autoconfigure.web.client.MockRestServiceServerResetTestExecutionListener@32c0915e, org.springframework.boot.test.autoconfigure.web.servlet.MockMvcPrintOnlyOnFailureTestExecutionListener@106faf11, org.springframework.boot.test.autoconfigure.web.servlet.WebDriverTestExecutionListener@70f43b45, org.springframework.boot.test.autoconfigure.webservices.client.MockWebServiceServerTestExecutionListener@26d10f2e, org.springframework.boot.test.mock.mockito.ResetMocksTestExecutionListener@10ad20cb]
16:32:31.548 [Test worker] DEBUG org.springframework.test.context.support.AbstractDirtiesContextTestExecutionListener - Before test class: context [DefaultTestContext@6a175569 testClass = Team13ApplicationTests, testInstance = [null], testMethod = [null], testException = [null], mergedContextConfiguration = [WebMergedContextConfiguration@11963225 testClass = Team13ApplicationTests, locations = '{}', classes = '{class com.SebMainTeam13.team13.Team13Application}', contextInitializerClasses = '[]', activeProfiles = '{}', propertySourceLocations = '{}', propertySourceProperties = '{org.springframework.boot.test.context.SpringBootTestContextBootstrapper=true}', contextCustomizers = set[org.springframework.boot.test.autoconfigure.actuate.metrics.MetricsExportContextCustomizerFactory$DisableMetricExportContextCustomizer@531c311e, org.springframework.boot.test.autoconfigure.properties.PropertyMappingContextCustomizer@0, org.springframework.boot.test.autoconfigure.web.servlet.WebDriverContextCustomizerFactory$Customizer@5b43fbf6, org.springframework.boot.test.context.filter.ExcludeFilterContextCustomizer@a4b2d8f, org.springframework.boot.test.json.DuplicateJsonObjectContextCustomizerFactory$DuplicateJsonObjectContextCustomizer@2fea7088, org.springframework.boot.test.mock.mockito.MockitoContextCustomizer@0, org.springframework.boot.test.web.client.TestRestTemplateContextCustomizer@16ecee1, org.springframework.boot.test.context.SpringBootTestArgs@1, org.springframework.boot.test.context.SpringBootTestWebEnvironment@609bcfb6], resourceBasePath = 'src/main/webapp', contextLoader = 'org.springframework.boot.test.context.SpringBootContextLoader', parent = [null]], attributes = map['org.springframework.test.context.web.ServletTestExecutionListener.activateListener' -> true]], class annotated with @DirtiesContext [false] with mode [null].

  .   ____          _            __ _ _
 /\\ / ___'_ __ _ _(_)_ __  __ _ \ \ \ \
( ( )\___ | '_ | '_| | '_ \/ _` | \ \ \ \
 \\/  ___)| |_)| | | | | || (_| |  ) ) ) )
  '  |____| .__|_| |_|_| |_\__, | / / / /
 =========|_|==============|___/=/_/_/_/
 :: Spring Boot ::                (v2.7.6)

2023-03-09 16:32:31.915  INFO 20936 --- [    Test worker] c.S.team13.Team13ApplicationTests        : Starting Team13ApplicationTests using Java 11.0.17 on DESKTOP-UMNQVNU with PID 20936 (started by owner in C:\Users\owner\Desktop\새 폴더 (2)\seb42_main_013\server)
2023-03-09 16:32:31.916  INFO 20936 --- [    Test worker] c.S.team13.Team13ApplicationTests        : The following 1 profile is active: "h2"
2023-03-09 16:32:31.946  WARN 20936 --- [    Test worker] o.s.b.c.config.ConfigDataEnvironment     : Property 'spring.profiles' imported from location 'class path resource [application.yaml]' is invalid and should be replaced with 'spring.config.activate.on-profile' [origin: class path resource [application.yaml] - 6:13]
2023-03-09 16:32:32.597  INFO 20936 --- [    Test worker] .s.d.r.c.RepositoryConfigurationDelegate : Bootstrapping Spring Data JPA repositories in DEFAULT mode.
2023-03-09 16:32:32.672  INFO 20936 --- [    Test worker] .s.d.r.c.RepositoryConfigurationDelegate : Finished Spring Data repository scanning in 65 ms. Found 2 JPA repository interfaces.
2023-03-09 16:32:33.237 DEBUG 20936 --- [    Test worker] j.LocalContainerEntityManagerFactoryBean : Building JPA container EntityManagerFactory for persistence unit 'default'
2023-03-09 16:32:33.269  INFO 20936 --- [    Test worker] o.hibernate.jpa.internal.util.LogHelper  : HHH000204: Processing PersistenceUnitInfo [name: default]
2023-03-09 16:32:33.342  INFO 20936 --- [    Test worker] org.hibernate.Version                    : HHH000412: Hibernate ORM core version 5.6.14.Final
2023-03-09 16:32:33.522  INFO 20936 --- [    Test worker] o.hibernate.annotations.common.Version   : HCANN000001: Hibernate Commons Annotations {5.1.2.Final}
2023-03-09 16:32:33.642  INFO 20936 --- [    Test worker] com.zaxxer.hikari.HikariDataSource       : HikariPool-1 - Starting...
2023-03-09 16:32:33.865  INFO 20936 --- [    Test worker] com.zaxxer.hikari.HikariDataSource       : HikariPool-1 - Start completed.
2023-03-09 16:32:33.904  INFO 20936 --- [    Test worker] org.hibernate.dialect.Dialect            : HHH000400: Using dialect: org.hibernate.dialect.H2Dialect
Hibernate: 
    
    drop table if exists role CASCADE 
Hibernate: 
    
    drop table if exists user_roles CASCADE 
Hibernate: 
    
    drop table if exists user_role CASCADE 
Hibernate: 
    
    drop table if exists users CASCADE 
Hibernate: 
    
    drop sequence if exists hibernate_sequence
Hibernate: create sequence hibernate_sequence start with 1 increment by 1
Hibernate: 
    
    create table role (
       role_id bigint not null,
        role_desc varchar(255),
        role_name varchar(255),
        primary key (role_id)
    )
Hibernate: 
    
    create table user_roles (
       user_user_id bigint not null,
        roles varchar(255)
    )
Hibernate: 
    
    create table user_role (
       user_role_id bigint not null,
        role_id bigint,
        user_id bigint,
        primary key (user_role_id)
    )
Hibernate: 
    
    create table users (
       user_id bigint generated by default as identity,
        display_name varchar(255),
        email varchar(255) not null,
        password varchar(100) not null,
        user_status varchar(255),
        primary key (user_id)
    )
Hibernate: 
    
    alter table users 
       add constraint UK_6dotkott2kjsp8vw4d0m25fb7 unique (email)
Hibernate: 
    
    alter table user_roles 
       add constraint FK5gikiw021w6y16a8t5vjwqwyj 
       foreign key (user_user_id) 
       references users
Hibernate: 
    
    alter table user_role 
       add constraint FKa68196081fvovjhkek5m97n3y 
       foreign key (role_id) 
       references role
Hibernate: 
    
    alter table user_role 
       add constraint FKj345gk1bovqvfame88rcx7yyx 
       foreign key (user_id) 
       references users
2023-03-09 16:32:34.591  INFO 20936 --- [    Test worker] o.h.e.t.j.p.i.JtaPlatformInitiator       : HHH000490: Using JtaPlatform implementation: [org.hibernate.engine.transaction.jta.platform.internal.NoJtaPlatform]
2023-03-09 16:32:34.598  INFO 20936 --- [    Test worker] j.LocalContainerEntityManagerFactoryBean : Initialized JPA EntityManagerFactory for persistence unit 'default'
2023-03-09 16:32:34.734 DEBUG 20936 --- [    Test worker] tor$SharedEntityManagerInvocationHandler : Creating new EntityManager for shared EntityManager invocation
2023-03-09 16:32:34.788 DEBUG 20936 --- [    Test worker] tor$SharedEntityManagerInvocationHandler : Creating new EntityManager for shared EntityManager invocation
2023-03-09 16:32:34.850 DEBUG 20936 --- [    Test worker] tor$SharedEntityManagerInvocationHandler : Creating new EntityManager for shared EntityManager invocation
2023-03-09 16:32:34.914 DEBUG 20936 --- [    Test worker] tor$SharedEntityManagerInvocationHandler : Creating new EntityManager for shared EntityManager invocation
2023-03-09 16:32:35.231  INFO 20936 --- [    Test worker] o.s.s.web.DefaultSecurityFilterChain     : Will secure any request with [org.springframework.security.web.session.DisableEncodeUrlFilter@46573cfe, org.springframework.security.web.context.request.async.WebAsyncManagerIntegrationFilter@7ead0b51, org.springframework.security.web.context.SecurityContextPersistenceFilter@21dd91da, org.springframework.security.web.header.HeaderWriterFilter@79f59e0e, org.springframework.web.filter.CorsFilter@2f7d8a7c, org.springframework.security.web.authentication.logout.LogoutFilter@49ea4b65, com.SebMainTeam13.team13.security.filter.JwtAuthenticationFilter@14745c3c, org.springframework.security.web.savedrequest.RequestCacheAwareFilter@433db56d, org.springframework.security.web.servletapi.SecurityContextHolderAwareRequestFilter@1bed61d2, org.springframework.security.web.authentication.AnonymousAuthenticationFilter@6bbb3280, org.springframework.security.web.session.SessionManagementFilter@121f9c52, org.springframework.security.web.access.ExceptionTranslationFilter@5315210d, org.springframework.security.web.access.intercept.AuthorizationFilter@4be5b9b1]
2023-03-09 16:32:35.461  WARN 20936 --- [    Test worker] JpaBaseConfiguration$JpaWebConfiguration : spring.jpa.open-in-view is enabled by default. Therefore, database queries may be performed during view rendering. Explicitly configure spring.jpa.open-in-view to disable this warning
2023-03-09 16:32:35.739  INFO 20936 --- [    Test worker] o.s.b.a.h2.H2ConsoleAutoConfiguration    : H2 console available at '/h2'. Database available at 'jdbc:h2:mem:test'
2023-03-09 16:32:35.965 DEBUG 20936 --- [    Test worker] tor$SharedEntityManagerInvocationHandler : Creating new EntityManager for shared EntityManager invocation
2023-03-09 16:32:35.966 DEBUG 20936 --- [    Test worker] tor$SharedEntityManagerInvocationHandler : Creating new EntityManager for shared EntityManager invocation
2023-03-09 16:32:35.981 DEBUG 20936 --- [    Test worker] tor$SharedEntityManagerInvocationHandler : Creating new EntityManager for shared EntityManager invocation
2023-03-09 16:32:36.156  INFO 20936 --- [    Test worker] c.S.team13.Team13ApplicationTests        : Started Team13ApplicationTests in 4.575 seconds (JVM running for 6.182)
]]></system-out>
  <system-err><![CDATA[]]></system-err>
</testsuite>
